<?xml version="1.0" encoding="UTF-8"?>
<testsuite xmlns:xsi="http://www.w3.org/2001/XMLSchema-instance" xsi:noNamespaceSchemaLocation="https://maven.apache.org/surefire/maven-surefire-plugin/xsd/surefire-test-report.xsd" name="com.qsy.os.common.exception.data.ModuleExceptionCodeUtilTest" time="0.052" tests="7" errors="0" skipped="0" failures="0">
  <properties>
    <property name="gopherProxySet" value="false"/>
    <property name="awt.toolkit" value="sun.lwawt.macosx.LWCToolkit"/>
    <property name="file.encoding.pkg" value="sun.io"/>
    <property name="java.specification.version" value="1.8"/>
    <property name="sun.cpu.isalist" value=""/>
    <property name="sun.jnu.encoding" value="UTF-8"/>
    <property name="java.class.path" value="/Users/shixiong.yang/IdeaProjects/qsy/B/OS_common-exception-parent/common-exception/target/test-classes:/Users/shixiong.yang/IdeaProjects/qsy/B/OS_common-exception-parent/common-exception/target/classes:/Users/shixiong.yang/.m2/repository/org/springframework/boot/spring-boot-starter-test/2.5.12/spring-boot-starter-test-2.5.12.jar:/Users/shixiong.yang/.m2/repository/org/springframework/boot/spring-boot-starter/2.5.12/spring-boot-starter-2.5.12.jar:/Users/shixiong.yang/.m2/repository/org/springframework/boot/spring-boot/2.5.12/spring-boot-2.5.12.jar:/Users/shixiong.yang/.m2/repository/org/springframework/spring-context/5.3.18/spring-context-5.3.18.jar:/Users/shixiong.yang/.m2/repository/org/springframework/spring-aop/5.3.18/spring-aop-5.3.18.jar:/Users/shixiong.yang/.m2/repository/org/springframework/spring-beans/5.3.18/spring-beans-5.3.18.jar:/Users/shixiong.yang/.m2/repository/org/springframework/spring-expression/5.3.18/spring-expression-5.3.18.jar:/Users/shixiong.yang/.m2/repository/org/springframework/boot/spring-boot-autoconfigure/2.5.12/spring-boot-autoconfigure-2.5.12.jar:/Users/shixiong.yang/.m2/repository/org/springframework/boot/spring-boot-starter-logging/2.5.12/spring-boot-starter-logging-2.5.12.jar:/Users/shixiong.yang/.m2/repository/ch/qos/logback/logback-classic/1.2.11/logback-classic-1.2.11.jar:/Users/shixiong.yang/.m2/repository/ch/qos/logback/logback-core/1.2.11/logback-core-1.2.11.jar:/Users/shixiong.yang/.m2/repository/org/apache/logging/log4j/log4j-to-slf4j/2.17.2/log4j-to-slf4j-2.17.2.jar:/Users/shixiong.yang/.m2/repository/org/apache/logging/log4j/log4j-api/2.17.2/log4j-api-2.17.2.jar:/Users/shixiong.yang/.m2/repository/org/slf4j/jul-to-slf4j/1.7.36/jul-to-slf4j-1.7.36.jar:/Users/shixiong.yang/.m2/repository/jakarta/annotation/jakarta.annotation-api/1.3.5/jakarta.annotation-api-1.3.5.jar:/Users/shixiong.yang/.m2/repository/org/springframework/boot/spring-boot-test/2.5.12/spring-boot-test-2.5.12.jar:/Users/shixiong.yang/.m2/repository/org/springframework/boot/spring-boot-test-autoconfigure/2.5.12/spring-boot-test-autoconfigure-2.5.12.jar:/Users/shixiong.yang/.m2/repository/com/jayway/jsonpath/json-path/2.5.0/json-path-2.5.0.jar:/Users/shixiong.yang/.m2/repository/net/minidev/json-smart/2.4.8/json-smart-2.4.8.jar:/Users/shixiong.yang/.m2/repository/net/minidev/accessors-smart/2.4.8/accessors-smart-2.4.8.jar:/Users/shixiong.yang/.m2/repository/org/ow2/asm/asm/9.1/asm-9.1.jar:/Users/shixiong.yang/.m2/repository/org/slf4j/slf4j-api/1.7.36/slf4j-api-1.7.36.jar:/Users/shixiong.yang/.m2/repository/jakarta/xml/bind/jakarta.xml.bind-api/2.3.3/jakarta.xml.bind-api-2.3.3.jar:/Users/shixiong.yang/.m2/repository/jakarta/activation/jakarta.activation-api/1.2.2/jakarta.activation-api-1.2.2.jar:/Users/shixiong.yang/.m2/repository/org/assertj/assertj-core/3.19.0/assertj-core-3.19.0.jar:/Users/shixiong.yang/.m2/repository/org/hamcrest/hamcrest/2.2/hamcrest-2.2.jar:/Users/shixiong.yang/.m2/repository/org/junit/jupiter/junit-jupiter/5.7.2/junit-jupiter-5.7.2.jar:/Users/shixiong.yang/.m2/repository/org/junit/jupiter/junit-jupiter-api/5.7.2/junit-jupiter-api-5.7.2.jar:/Users/shixiong.yang/.m2/repository/org/apiguardian/apiguardian-api/1.1.0/apiguardian-api-1.1.0.jar:/Users/shixiong.yang/.m2/repository/org/opentest4j/opentest4j/1.2.0/opentest4j-1.2.0.jar:/Users/shixiong.yang/.m2/repository/org/junit/platform/junit-platform-commons/1.7.2/junit-platform-commons-1.7.2.jar:/Users/shixiong.yang/.m2/repository/org/junit/jupiter/junit-jupiter-params/5.7.2/junit-jupiter-params-5.7.2.jar:/Users/shixiong.yang/.m2/repository/org/junit/jupiter/junit-jupiter-engine/5.7.2/junit-jupiter-engine-5.7.2.jar:/Users/shixiong.yang/.m2/repository/org/junit/platform/junit-platform-engine/1.7.2/junit-platform-engine-1.7.2.jar:/Users/shixiong.yang/.m2/repository/org/mockito/mockito-core/3.9.0/mockito-core-3.9.0.jar:/Users/shixiong.yang/.m2/repository/net/bytebuddy/byte-buddy/1.10.22/byte-buddy-1.10.22.jar:/Users/shixiong.yang/.m2/repository/net/bytebuddy/byte-buddy-agent/1.10.22/byte-buddy-agent-1.10.22.jar:/Users/shixiong.yang/.m2/repository/org/objenesis/objenesis/3.2/objenesis-3.2.jar:/Users/shixiong.yang/.m2/repository/org/mockito/mockito-junit-jupiter/3.9.0/mockito-junit-jupiter-3.9.0.jar:/Users/shixiong.yang/.m2/repository/org/skyscreamer/jsonassert/1.5.0/jsonassert-1.5.0.jar:/Users/shixiong.yang/.m2/repository/com/vaadin/external/google/android-json/0.0.20131108.vaadin1/android-json-0.0.20131108.vaadin1.jar:/Users/shixiong.yang/.m2/repository/org/springframework/spring-core/5.3.18/spring-core-5.3.18.jar:/Users/shixiong.yang/.m2/repository/org/springframework/spring-jcl/5.3.18/spring-jcl-5.3.18.jar:/Users/shixiong.yang/.m2/repository/org/springframework/spring-test/5.3.18/spring-test-5.3.18.jar:/Users/shixiong.yang/.m2/repository/org/xmlunit/xmlunit-core/2.8.4/xmlunit-core-2.8.4.jar:/Users/shixiong.yang/Library/Java/JavaVirtualMachines/corretto-1.8.0_312/Contents/Home/lib/tools.jar:/Users/shixiong.yang/.m2/repository/org/yaml/snakeyaml/1.28/snakeyaml-1.28.jar:/Users/shixiong.yang/.m2/repository/com/google/auto/service/auto-service/1.0.1/auto-service-1.0.1.jar:/Users/shixiong.yang/.m2/repository/com/google/auto/service/auto-service-annotations/1.0.1/auto-service-annotations-1.0.1.jar:/Users/shixiong.yang/.m2/repository/com/google/auto/auto-common/1.2/auto-common-1.2.jar:/Users/shixiong.yang/.m2/repository/com/google/guava/guava/31.0.1-jre/guava-31.0.1-jre.jar:/Users/shixiong.yang/.m2/repository/com/google/guava/failureaccess/1.0.1/failureaccess-1.0.1.jar:/Users/shixiong.yang/.m2/repository/com/google/guava/listenablefuture/9999.0-empty-to-avoid-conflict-with-guava/listenablefuture-9999.0-empty-to-avoid-conflict-with-guava.jar:/Users/shixiong.yang/.m2/repository/com/google/code/findbugs/jsr305/3.0.2/jsr305-3.0.2.jar:/Users/shixiong.yang/.m2/repository/org/checkerframework/checker-qual/3.12.0/checker-qual-3.12.0.jar:/Users/shixiong.yang/.m2/repository/com/google/errorprone/error_prone_annotations/2.7.1/error_prone_annotations-2.7.1.jar:/Users/shixiong.yang/.m2/repository/com/google/j2objc/j2objc-annotations/1.3/j2objc-annotations-1.3.jar:/Users/shixiong.yang/.m2/repository/org/projectlombok/lombok/1.18.22/lombok-1.18.22.jar:/Users/shixiong.yang/.m2/repository/cn/hutool/hutool-all/5.8.1/hutool-all-5.8.1.jar:"/>
    <property name="java.vm.vendor" value="Amazon.com Inc."/>
    <property name="sun.arch.data.model" value="64"/>
    <property name="java.vendor.url" value="https://aws.amazon.com/corretto/"/>
    <property name="user.timezone" value=""/>
    <property name="java.vm.specification.version" value="1.8"/>
    <property name="os.name" value="Mac OS X"/>
    <property name="user.country" value="CN"/>
    <property name="sun.java.launcher" value="SUN_STANDARD"/>
    <property name="sun.boot.library.path" value="/Users/shixiong.yang/Library/Java/JavaVirtualMachines/corretto-1.8.0_312/Contents/Home/jre/lib"/>
    <property name="sun.java.command" value="/Users/shixiong.yang/IdeaProjects/qsy/B/OS_common-exception-parent/common-exception/target/surefire/surefirebooter5566717600920710962.jar /Users/shixiong.yang/IdeaProjects/qsy/B/OS_common-exception-parent/common-exception/target/surefire 2022-11-22T10-24-30_378-jvmRun1 surefire5049134751971136647tmp surefire_06512514661550703857tmp"/>
    <property name="surefire.test.class.path" value="/Users/shixiong.yang/IdeaProjects/qsy/B/OS_common-exception-parent/common-exception/target/test-classes:/Users/shixiong.yang/IdeaProjects/qsy/B/OS_common-exception-parent/common-exception/target/classes:/Users/shixiong.yang/.m2/repository/org/springframework/boot/spring-boot-starter-test/2.5.12/spring-boot-starter-test-2.5.12.jar:/Users/shixiong.yang/.m2/repository/org/springframework/boot/spring-boot-starter/2.5.12/spring-boot-starter-2.5.12.jar:/Users/shixiong.yang/.m2/repository/org/springframework/boot/spring-boot/2.5.12/spring-boot-2.5.12.jar:/Users/shixiong.yang/.m2/repository/org/springframework/spring-context/5.3.18/spring-context-5.3.18.jar:/Users/shixiong.yang/.m2/repository/org/springframework/spring-aop/5.3.18/spring-aop-5.3.18.jar:/Users/shixiong.yang/.m2/repository/org/springframework/spring-beans/5.3.18/spring-beans-5.3.18.jar:/Users/shixiong.yang/.m2/repository/org/springframework/spring-expression/5.3.18/spring-expression-5.3.18.jar:/Users/shixiong.yang/.m2/repository/org/springframework/boot/spring-boot-autoconfigure/2.5.12/spring-boot-autoconfigure-2.5.12.jar:/Users/shixiong.yang/.m2/repository/org/springframework/boot/spring-boot-starter-logging/2.5.12/spring-boot-starter-logging-2.5.12.jar:/Users/shixiong.yang/.m2/repository/ch/qos/logback/logback-classic/1.2.11/logback-classic-1.2.11.jar:/Users/shixiong.yang/.m2/repository/ch/qos/logback/logback-core/1.2.11/logback-core-1.2.11.jar:/Users/shixiong.yang/.m2/repository/org/apache/logging/log4j/log4j-to-slf4j/2.17.2/log4j-to-slf4j-2.17.2.jar:/Users/shixiong.yang/.m2/repository/org/apache/logging/log4j/log4j-api/2.17.2/log4j-api-2.17.2.jar:/Users/shixiong.yang/.m2/repository/org/slf4j/jul-to-slf4j/1.7.36/jul-to-slf4j-1.7.36.jar:/Users/shixiong.yang/.m2/repository/jakarta/annotation/jakarta.annotation-api/1.3.5/jakarta.annotation-api-1.3.5.jar:/Users/shixiong.yang/.m2/repository/org/springframework/boot/spring-boot-test/2.5.12/spring-boot-test-2.5.12.jar:/Users/shixiong.yang/.m2/repository/org/springframework/boot/spring-boot-test-autoconfigure/2.5.12/spring-boot-test-autoconfigure-2.5.12.jar:/Users/shixiong.yang/.m2/repository/com/jayway/jsonpath/json-path/2.5.0/json-path-2.5.0.jar:/Users/shixiong.yang/.m2/repository/net/minidev/json-smart/2.4.8/json-smart-2.4.8.jar:/Users/shixiong.yang/.m2/repository/net/minidev/accessors-smart/2.4.8/accessors-smart-2.4.8.jar:/Users/shixiong.yang/.m2/repository/org/ow2/asm/asm/9.1/asm-9.1.jar:/Users/shixiong.yang/.m2/repository/org/slf4j/slf4j-api/1.7.36/slf4j-api-1.7.36.jar:/Users/shixiong.yang/.m2/repository/jakarta/xml/bind/jakarta.xml.bind-api/2.3.3/jakarta.xml.bind-api-2.3.3.jar:/Users/shixiong.yang/.m2/repository/jakarta/activation/jakarta.activation-api/1.2.2/jakarta.activation-api-1.2.2.jar:/Users/shixiong.yang/.m2/repository/org/assertj/assertj-core/3.19.0/assertj-core-3.19.0.jar:/Users/shixiong.yang/.m2/repository/org/hamcrest/hamcrest/2.2/hamcrest-2.2.jar:/Users/shixiong.yang/.m2/repository/org/junit/jupiter/junit-jupiter/5.7.2/junit-jupiter-5.7.2.jar:/Users/shixiong.yang/.m2/repository/org/junit/jupiter/junit-jupiter-api/5.7.2/junit-jupiter-api-5.7.2.jar:/Users/shixiong.yang/.m2/repository/org/apiguardian/apiguardian-api/1.1.0/apiguardian-api-1.1.0.jar:/Users/shixiong.yang/.m2/repository/org/opentest4j/opentest4j/1.2.0/opentest4j-1.2.0.jar:/Users/shixiong.yang/.m2/repository/org/junit/platform/junit-platform-commons/1.7.2/junit-platform-commons-1.7.2.jar:/Users/shixiong.yang/.m2/repository/org/junit/jupiter/junit-jupiter-params/5.7.2/junit-jupiter-params-5.7.2.jar:/Users/shixiong.yang/.m2/repository/org/junit/jupiter/junit-jupiter-engine/5.7.2/junit-jupiter-engine-5.7.2.jar:/Users/shixiong.yang/.m2/repository/org/junit/platform/junit-platform-engine/1.7.2/junit-platform-engine-1.7.2.jar:/Users/shixiong.yang/.m2/repository/org/mockito/mockito-core/3.9.0/mockito-core-3.9.0.jar:/Users/shixiong.yang/.m2/repository/net/bytebuddy/byte-buddy/1.10.22/byte-buddy-1.10.22.jar:/Users/shixiong.yang/.m2/repository/net/bytebuddy/byte-buddy-agent/1.10.22/byte-buddy-agent-1.10.22.jar:/Users/shixiong.yang/.m2/repository/org/objenesis/objenesis/3.2/objenesis-3.2.jar:/Users/shixiong.yang/.m2/repository/org/mockito/mockito-junit-jupiter/3.9.0/mockito-junit-jupiter-3.9.0.jar:/Users/shixiong.yang/.m2/repository/org/skyscreamer/jsonassert/1.5.0/jsonassert-1.5.0.jar:/Users/shixiong.yang/.m2/repository/com/vaadin/external/google/android-json/0.0.20131108.vaadin1/android-json-0.0.20131108.vaadin1.jar:/Users/shixiong.yang/.m2/repository/org/springframework/spring-core/5.3.18/spring-core-5.3.18.jar:/Users/shixiong.yang/.m2/repository/org/springframework/spring-jcl/5.3.18/spring-jcl-5.3.18.jar:/Users/shixiong.yang/.m2/repository/org/springframework/spring-test/5.3.18/spring-test-5.3.18.jar:/Users/shixiong.yang/.m2/repository/org/xmlunit/xmlunit-core/2.8.4/xmlunit-core-2.8.4.jar:/Users/shixiong.yang/Library/Java/JavaVirtualMachines/corretto-1.8.0_312/Contents/Home/lib/tools.jar:/Users/shixiong.yang/.m2/repository/org/yaml/snakeyaml/1.28/snakeyaml-1.28.jar:/Users/shixiong.yang/.m2/repository/com/google/auto/service/auto-service/1.0.1/auto-service-1.0.1.jar:/Users/shixiong.yang/.m2/repository/com/google/auto/service/auto-service-annotations/1.0.1/auto-service-annotations-1.0.1.jar:/Users/shixiong.yang/.m2/repository/com/google/auto/auto-common/1.2/auto-common-1.2.jar:/Users/shixiong.yang/.m2/repository/com/google/guava/guava/31.0.1-jre/guava-31.0.1-jre.jar:/Users/shixiong.yang/.m2/repository/com/google/guava/failureaccess/1.0.1/failureaccess-1.0.1.jar:/Users/shixiong.yang/.m2/repository/com/google/guava/listenablefuture/9999.0-empty-to-avoid-conflict-with-guava/listenablefuture-9999.0-empty-to-avoid-conflict-with-guava.jar:/Users/shixiong.yang/.m2/repository/com/google/code/findbugs/jsr305/3.0.2/jsr305-3.0.2.jar:/Users/shixiong.yang/.m2/repository/org/checkerframework/checker-qual/3.12.0/checker-qual-3.12.0.jar:/Users/shixiong.yang/.m2/repository/com/google/errorprone/error_prone_annotations/2.7.1/error_prone_annotations-2.7.1.jar:/Users/shixiong.yang/.m2/repository/com/google/j2objc/j2objc-annotations/1.3/j2objc-annotations-1.3.jar:/Users/shixiong.yang/.m2/repository/org/projectlombok/lombok/1.18.22/lombok-1.18.22.jar:/Users/shixiong.yang/.m2/repository/cn/hutool/hutool-all/5.8.1/hutool-all-5.8.1.jar:"/>
    <property name="sun.cpu.endian" value="little"/>
    <property name="user.home" value="/Users/shixiong.yang"/>
    <property name="user.language" value="zh"/>
    <property name="java.specification.vendor" value="Oracle Corporation"/>
    <property name="java.home" value="/Users/shixiong.yang/Library/Java/JavaVirtualMachines/corretto-1.8.0_312/Contents/Home/jre"/>
    <property name="basedir" value="/Users/shixiong.yang/IdeaProjects/qsy/B/OS_common-exception-parent/common-exception"/>
    <property name="file.separator" value="/"/>
    <property name="line.separator" value="&#10;"/>
    <property name="java.vm.specification.vendor" value="Oracle Corporation"/>
    <property name="java.specification.name" value="Java Platform API Specification"/>
    <property name="java.awt.graphicsenv" value="sun.awt.CGraphicsEnvironment"/>
    <property name="surefire.real.class.path" value="/Users/shixiong.yang/IdeaProjects/qsy/B/OS_common-exception-parent/common-exception/target/surefire/surefirebooter5566717600920710962.jar:/Users/shixiong.yang/.m2/repository/org/jacoco/org.jacoco.agent/0.8.8/org.jacoco.agent-0.8.8-runtime.jar"/>
    <property name="sun.boot.class.path" value="/Users/shixiong.yang/Library/Java/JavaVirtualMachines/corretto-1.8.0_312/Contents/Home/jre/lib/resources.jar:/Users/shixiong.yang/Library/Java/JavaVirtualMachines/corretto-1.8.0_312/Contents/Home/jre/lib/rt.jar:/Users/shixiong.yang/Library/Java/JavaVirtualMachines/corretto-1.8.0_312/Contents/Home/jre/lib/sunrsasign.jar:/Users/shixiong.yang/Library/Java/JavaVirtualMachines/corretto-1.8.0_312/Contents/Home/jre/lib/jsse.jar:/Users/shixiong.yang/Library/Java/JavaVirtualMachines/corretto-1.8.0_312/Contents/Home/jre/lib/jce.jar:/Users/shixiong.yang/Library/Java/JavaVirtualMachines/corretto-1.8.0_312/Contents/Home/jre/lib/charsets.jar:/Users/shixiong.yang/Library/Java/JavaVirtualMachines/corretto-1.8.0_312/Contents/Home/jre/lib/jfr.jar:/Users/shixiong.yang/Library/Java/JavaVirtualMachines/corretto-1.8.0_312/Contents/Home/jre/classes"/>
    <property name="sun.management.compiler" value="HotSpot 64-Bit Tiered Compilers"/>
    <property name="java.runtime.version" value="1.8.0_312-b07"/>
    <property name="user.name" value="shixiong.yang"/>
    <property name="path.separator" value=":"/>
    <property name="os.version" value="12.6"/>
    <property name="java.endorsed.dirs" value="/Users/shixiong.yang/Library/Java/JavaVirtualMachines/corretto-1.8.0_312/Contents/Home/jre/lib/endorsed"/>
    <property name="java.runtime.name" value="OpenJDK Runtime Environment"/>
    <property name="file.encoding" value="UTF-8"/>
    <property name="java.vm.name" value="OpenJDK 64-Bit Server VM"/>
    <property name="localRepository" value="/Users/shixiong.yang/.m2/repository"/>
    <property name="java.vendor.url.bug" value="https://github.com/corretto/corretto-8/issues/"/>
    <property name="java.io.tmpdir" value="/var/folders/76/jn3y87m10tlbcrygfbw413bh0000gn/T/"/>
    <property name="java.version" value="1.8.0_312"/>
    <property name="user.dir" value="/Users/shixiong.yang/IdeaProjects/qsy/B/OS_common-exception-parent/common-exception"/>
    <property name="os.arch" value="x86_64"/>
    <property name="java.vm.specification.name" value="Java Virtual Machine Specification"/>
    <property name="java.awt.printerjob" value="sun.lwawt.macosx.CPrinterJob"/>
    <property name="sun.os.patch.level" value="unknown"/>
    <property name="java.library.path" value="/Users/shixiong.yang/Library/Java/Extensions:/Library/Java/Extensions:/Network/Library/Java/Extensions:/System/Library/Java/Extensions:/usr/lib/java:."/>
    <property name="java.vm.info" value="mixed mode"/>
    <property name="java.vendor" value="Amazon.com Inc."/>
    <property name="java.vm.version" value="25.312-b07"/>
    <property name="java.ext.dirs" value="/Users/shixiong.yang/Library/Java/Extensions:/Users/shixiong.yang/Library/Java/JavaVirtualMachines/corretto-1.8.0_312/Contents/Home/jre/lib/ext:/Library/Java/Extensions:/Network/Library/Java/Extensions:/System/Library/Java/Extensions:/usr/lib/java"/>
    <property name="sun.io.unicode.encoding" value="UnicodeBig"/>
    <property name="java.class.version" value="52.0"/>
  </properties>
  <testcase name="should_throw_duplicate_module_id_exception_given_same_module_id_with_parent" classname="com.qsy.os.common.exception.data.ModuleExceptionCodeUtilTest$FindModuleExceptionCodeTest" time="0.007"/>
  <testcase name="should_throw_exception_code_absent_exception" classname="com.qsy.os.common.exception.data.ModuleExceptionCodeUtilTest$FindModuleExceptionCodeTest" time="0.002"/>
  <testcase name="should_throw_exception_code_invalid_exception" classname="com.qsy.os.common.exception.data.ModuleExceptionCodeUtilTest$FindModuleExceptionCodeTest" time="0.001"/>
  <testcase name="should_not_throw_exception_given_duplicate_exception_code_with_same_parent" classname="com.qsy.os.common.exception.data.ModuleExceptionCodeUtilTest$FindModuleExceptionCodeTest" time="0"/>
  <testcase name="should_throw_duplicate_module_id_exception_given_same_module_id_without_parent" classname="com.qsy.os.common.exception.data.ModuleExceptionCodeUtilTest$FindModuleExceptionCodeTest" time="0.001"/>
  <testcase name="should_throw_duplicate_exception_code_within_different_families_exception_without_parent" classname="com.qsy.os.common.exception.data.ModuleExceptionCodeUtilTest$FindModuleExceptionCodeTest" time="0.004"/>
  <testcase name="should_throw_duplicate_exception_code_within_different_families_exception_with_different_parent" classname="com.qsy.os.common.exception.data.ModuleExceptionCodeUtilTest$FindModuleExceptionCodeTest" time="0.035"/>
</testsuite>